app/build/outputs/logs/manifest-merger-debug-report.txt
-- Merging decision tree log ---
manifest
ADDED from src\main\AndroidManifest.xml:2:1-65:12
	package
		ADDED from src\main\AndroidManifest.xml:3:5-41
		INJECTED from src\main\AndroidManifest.xml
		INJECTED from src\main\AndroidManifest.xml
	android:versionName
		INJECTED from src\main\AndroidManifest.xml
		INJECTED from src\main\AndroidManifest.xml
	xmlns:android
		ADDED from src\main\AndroidManifest.xml:2:11-69
	android:versionCode
		INJECTED from src\main\AndroidManifest.xml
		INJECTED from src\main\AndroidManifest.xml
uses-feature#android.hardware.camera
ADDED from src\main\AndroidManifest.xml:5:5-7:35
	android:required
		ADDED from src\main\AndroidManifest.xml:7:9-32
	android:name
		ADDED from src\main\AndroidManifest.xml:6:9-47
uses-permission#android.permission.NFC
ADDED from src\main\AndroidManifest.xml:9:5-62
	android:name
		ADDED from src\main\AndroidManifest.xml:9:22-59
uses-feature#android.hardware.nfc
ADDED from src\main\AndroidManifest.xml:11:5-13:35
	android:required
		ADDED from src\main\AndroidManifest.xml:13:9-32
	android:name
		ADDED from src\main\AndroidManifest.xml:12:9-44
uses-permission#android.permission.CAMERA
ADDED from src\main\AndroidManifest.xml:15:5-65
	android:name
		ADDED from src\main\AndroidManifest.xml:15:22-62
uses-feature#android.hardware.camera.autofocus
ADDED from src\main\AndroidManifest.xml:17:5-70
	android:name
		ADDED from src\main\AndroidManifest.xml:17:19-67
uses-permission#android.permission.INTERNET
ADDED from src\main\AndroidManifest.xml:19:5-67
MERGED from [com.google.android.gms:play-services-ads-lite:10.2.0] AndroidManifest.xml:19:5-66
MERGED from [com.google.android.gms:play-services-analytics:10.2.0] AndroidManifest.xml:20:5-66
MERGED from [com.google.android.gms:play-services-appinvite:10.2.0] AndroidManifest.xml:18:5-66
MERGED from [com.google.firebase:firebase-crash:10.2.0] AndroidManifest.xml:18:5-66
MERGED from [com.google.android.gms:play-services-gcm:10.2.0] AndroidManifest.xml:21:5-66
MERGED from [com.google.android.gms:play-services-iid:10.2.0] AndroidManifest.xml:21:5-66
MERGED from [com.google.android.gms:play-services-tagmanager-api:10.2.0] AndroidManifest.xml:20:5-66
MERGED from [com.google.firebase:firebase-analytics:10.2.0] AndroidManifest.xml:20:5-66
MERGED from [com.google.firebase:firebase-analytics-impl:10.2.0] AndroidManifest.xml:20:5-66
MERGED from [com.google.firebase:firebase-iid:10.2.0] AndroidManifest.xml:20:5-66
MERGED from [com.google.android.gms:play-services-analytics-impl:10.2.0] AndroidManifest.xml:20:5-66
MERGED from [com.google.android.gms:play-services-maps:10.2.0] AndroidManifest.xml:20:5-66
	android:name
		ADDED from src\main\AndroidManifest.xml:19:22-64
application
ADDED from src\main\AndroidManifest.xml:21:5-63:19
MERGED from [com.android.support:cardview-v7:25.2.0] AndroidManifest.xml:22:5-20
MERGED from [com.android.support:percent:25.2.0] AndroidManifest.xml:22:5-20
MERGED from [com.google.android.gms:play-services:10.2.0] AndroidManifest.xml:5:5-20
MERGED from [com.google.android.gms:play-services-ads-lite:10.2.0] AndroidManifest.xml:23:5-27:19
MERGED from [com.google.android.gms:play-services-analytics:10.2.0] AndroidManifest.xml:26:5-19
MERGED from [com.google.android.gms:play-services-appinvite:10.2.0] AndroidManifest.xml:19:5-26:19
MERGED from [com.google.android.gms:play-services-auth:10.2.0] AndroidManifest.xml:19:5-25:19
MERGED from [com.google.android.gms:play-services-cast-framework:10.2.0] AndroidManifest.xml:4:5-8:19
MERGED from [com.google.android.gms:play-services-cast:10.2.0] AndroidManifest.xml:18:5-19
MERGED from [com.android.support:mediarouter-v7:24.0.0] AndroidManifest.xml:22:5-20
MERGED from [com.android.support:palette-v7:24.0.0] AndroidManifest.xml:22:5-23:19
MERGED from [com.google.android.gms:play-services-clearcut:10.2.0] AndroidManifest.xml:18:5-19
MERGED from [com.google.firebase:firebase-config:10.2.0] AndroidManifest.xml:18:5-19
MERGED from [com.google.android.gms:play-services-awareness:10.2.0] AndroidManifest.xml:18:5-19
MERGED from [com.google.firebase:firebase-crash:10.2.0] AndroidManifest.xml:22:5-23:19
MERGED from [com.google.firebase:firebase-auth:10.2.0] AndroidManifest.xml:19:5-20:19
MERGED from [com.google.firebase:firebase-messaging:10.2.0] AndroidManifest.xml:19:5-29:19
MERGED from [com.google.android.gms:play-services-fitness:10.2.0] AndroidManifest.xml:18:5-19
MERGED from [com.google.android.gms:play-services-games:10.2.0] AndroidManifest.xml:18:5-19
MERGED from [com.google.android.gms:play-services-drive:10.2.0] AndroidManifest.xml:18:5-19
MERGED from [com.google.android.gms:play-services-gass:10.2.0] AndroidManifest.xml:4:5-19
MERGED from [com.google.android.gms:play-services-gcm:10.2.0] AndroidManifest.xml:23:5-19
MERGED from [com.google.firebase:firebase-appindexing:10.2.0] AndroidManifest.xml:18:5-19
MERGED from [com.google.android.gms:play-services-iid:10.2.0] AndroidManifest.xml:23:5-19
MERGED from [com.google.android.gms:play-services-location:10.2.0] AndroidManifest.xml:4:5-19
MERGED from [com.google.android.gms:play-services-nearby:10.2.0] AndroidManifest.xml:5:5-19
MERGED from [com.google.android.gms:play-services-panorama:10.2.0] AndroidManifest.xml:18:5-19
MERGED from [com.google.android.gms:play-services-places:10.2.0] AndroidManifest.xml:18:5-19
MERGED from [com.google.android.gms:play-services-plus:10.2.0] AndroidManifest.xml:18:5-19
MERGED from [com.google.android.gms:play-services-safetynet:10.2.0] AndroidManifest.xml:18:5-19
MERGED from [com.google.android.gms:play-services-tagmanager-api:10.2.0] AndroidManifest.xml:23:5-33:19
MERGED from [com.google.firebase:firebase-analytics:10.2.0] AndroidManifest.xml:24:5-33:19
MERGED from [com.google.firebase:firebase-analytics-impl:10.2.0] AndroidManifest.xml:24:5-28:19
MERGED from [com.google.firebase:firebase-iid:10.2.0] AndroidManifest.xml:28:5-50:19
MERGED from [com.google.firebase:firebase-common:10.2.0] AndroidManifest.xml:4:5-7:19
MERGED from [com.google.android.gms:play-services-tagmanager-v4-impl:10.2.0] AndroidManifest.xml:19:5-19
MERGED from [com.google.android.gms:play-services-analytics-impl:10.2.0] AndroidManifest.xml:26:5-19
MERGED from [com.google.android.gms:play-services-vision:10.2.0] AndroidManifest.xml:4:5-19
MERGED from [com.google.android.gms:play-services-identity:10.2.0] AndroidManifest.xml:18:5-19
MERGED from [com.google.android.gms:play-services-maps:10.2.0] AndroidManifest.xml:24:5-19
MERGED from [com.google.android.gms:play-services-wearable:10.2.0] AndroidManifest.xml:18:5-19
MERGED from [com.google.android.gms:play-services-base:10.2.0] AndroidManifest.xml:18:5-20:19
MERGED from [com.google.android.gms:play-services-tasks:10.2.0] AndroidManifest.xml:4:5-19
MERGED from [com.google.android.gms:play-services-basement:10.2.0] AndroidManifest.xml:19:5-21:19
MERGED from [com.jjoe64:graphview:4.2.1] AndroidManifest.xml:11:5-12:19
MERGED from [com.android.support:design:25.2.0] AndroidManifest.xml:25:5-20
MERGED from [com.android.support:transition:25.2.0] AndroidManifest.xml:22:5-20
MERGED from [com.android.support.constraint:constraint-layout:1.0.2] AndroidManifest.xml:9:5-20
MERGED from [me.dm7.barcodescanner:zxing:1.8.4] AndroidManifest.xml:11:5-20
MERGED from [me.dm7.barcodescanner:core:1.8.4] AndroidManifest.xml:11:5-20
MERGED from [com.crystal:crystalrangeseekbar:1.0.0] AndroidManifest.xml:11:5-15:19
MERGED from [com.android.support:appcompat-v7:25.2.0] AndroidManifest.xml:25:5-20
MERGED from [com.android.support:animated-vector-drawable:25.2.0] AndroidManifest.xml:22:5-20
MERGED from [com.android.support:support-vector-drawable:25.2.0] AndroidManifest.xml:23:5-20
MERGED from [com.android.support:support-v4:25.2.0] AndroidManifest.xml:25:5-20
MERGED from [com.android.support:support-fragment:25.2.0] AndroidManifest.xml:25:5-20
MERGED from [com.android.support:support-media-compat:25.2.0] AndroidManifest.xml:25:5-20
MERGED from [com.android.support:support-core-ui:25.2.0] AndroidManifest.xml:25:5-20
MERGED from [com.android.support:support-core-utils:25.2.0] AndroidManifest.xml:25:5-20
MERGED from [com.android.support:support-compat:25.2.0] AndroidManifest.xml:25:5-20
	android:label
		ADDED from src\main\AndroidManifest.xml:24:9-41
	android:supportsRtl
		ADDED from src\main\AndroidManifest.xml:25:9-35
	android:allowBackup
		ADDED from src\main\AndroidManifest.xml:22:9-35
	android:icon
		ADDED from src\main\AndroidManifest.xml:23:9-43
	android:theme
		ADDED from src\main\AndroidManifest.xml:26:9-40
activity#com.example.j_pc.selsusapp.DiagnosisToolActivity
ADDED from src\main\AndroidManifest.xml:27:9-59
	android:name
		ADDED from src\main\AndroidManifest.xml:27:19-56
activity#com.example.j_pc.selsusapp.DiagnosisActivity
ADDED from src\main\AndroidManifest.xml:28:9-55
	android:name
		ADDED from src\main\AndroidManifest.xml:28:19-52
meta-data#com.google.android.gms.version
ADDED from src\main\AndroidManifest.xml:33:9-35:69
MERGED from [com.google.android.gms:play-services-basement:10.2.0] AndroidManifest.xml:20:9-121
	android:value
		ADDED from src\main\AndroidManifest.xml:35:13-66
	android:name
		ADDED from src\main\AndroidManifest.xml:34:13-58
activity#com.example.j_pc.selsusapp.GraphResultsActivity
ADDED from src\main\AndroidManifest.xml:37:9-58
	android:name
		ADDED from src\main\AndroidManifest.xml:37:19-55
activity#com.example.j_pc.selsusapp.CameraResultsActivity
ADDED from src\main\AndroidManifest.xml:38:9-59
	android:name
		ADDED from src\main\AndroidManifest.xml:38:19-56
activity#com.example.j_pc.selsusapp.VideoResultsActivity
ADDED from src\main\AndroidManifest.xml:39:9-58
	android:name
		ADDED from src\main\AndroidManifest.xml:39:19-55
activity#com.example.j_pc.selsusapp.InitialActivity
ADDED from src\main\AndroidManifest.xml:40:9-46:20
	android:name
		ADDED from src\main\AndroidManifest.xml:40:19-50
intent-filter#android.intent.action.MAIN+android.intent.category.LAUNCHER
ADDED from src\main\AndroidManifest.xml:41:13-45:29
action#android.intent.action.MAIN
ADDED from src\main\AndroidManifest.xml:42:17-69
	android:name
		ADDED from src\main\AndroidManifest.xml:42:25-66
category#android.intent.category.LAUNCHER
ADDED from src\main\AndroidManifest.xml:44:17-77
	android:name
		ADDED from src\main\AndroidManifest.xml:44:27-74
activity#com.example.j_pc.selsusapp.SelcompSelectActivity
ADDED from src\main\AndroidManifest.xml:47:9-54:20
	android:label
		ADDED from src\main\AndroidManifest.xml:49:13-66
	android:theme
		ADDED from src\main\AndroidManifest.xml:50:13-44
	android:name
		ADDED from src\main\AndroidManifest.xml:48:13-50
meta-data#android.app.searchable
ADDED from src\main\AndroidManifest.xml:51:13-53:54
	android:resource
		ADDED from src\main\AndroidManifest.xml:53:17-51
	android:name
		ADDED from src\main\AndroidManifest.xml:52:17-54
activity#com.example.j_pc.selsusapp.QRReaderActivity
ADDED from src\main\AndroidManifest.xml:55:9-54
	android:name
		ADDED from src\main\AndroidManifest.xml:55:19-51
activity#com.example.j_pc.selsusapp.SelcompInfoActivity
ADDED from src\main\AndroidManifest.xml:56:9-57
	android:name
		ADDED from src\main\AndroidManifest.xml:56:19-54
activity#com.example.j_pc.selsusapp.ModeSelectActivity
ADDED from src\main\AndroidManifest.xml:57:9-56
	android:name
		ADDED from src\main\AndroidManifest.xml:57:19-53
activity#com.example.j_pc.selsusapp.SystemOverviewActivity
ADDED from src\main\AndroidManifest.xml:58:9-60
	android:name
		ADDED from src\main\AndroidManifest.xml:58:19-57
activity#com.example.j_pc.selsusapp.AvailableSensorsActivity
ADDED from src\main\AndroidManifest.xml:59:9-62
	android:name
		ADDED from src\main\AndroidManifest.xml:59:19-59
activity#com.example.j_pc.selsusapp.CloudRequestGraphActivity
ADDED from src\main\AndroidManifest.xml:60:9-63
	android:name
		ADDED from src\main\AndroidManifest.xml:60:19-60
activity#com.example.j_pc.selsusapp.CloudGraphResultsActivity
ADDED from src\main\AndroidManifest.xml:61:9-63
	android:name
		ADDED from src\main\AndroidManifest.xml:61:19-60
activity#com.example.j_pc.selsusapp.NFCReaderActivity
ADDED from src\main\AndroidManifest.xml:62:9-64
	android:name
		ADDED from src\main\AndroidManifest.xml:62:19-52
uses-sdk
INJECTED from src\main\AndroidManifest.xml reason: use-sdk injection requested
MERGED from [com.android.support:cardview-v7:25.2.0] AndroidManifest.xml:20:5-43
MERGED from [com.android.support:percent:25.2.0] AndroidManifest.xml:20:5-43
MERGED from [com.google.android.gms:play-services:10.2.0] AndroidManifest.xml:4:5-43
MERGED from [com.google.android.gms:play-services-ads:10.2.0] AndroidManifest.xml:17:5-43
MERGED from [com.google.android.gms:play-services-ads-lite:10.2.0] AndroidManifest.xml:22:5-43
MERGED from [com.google.android.gms:play-services-analytics:10.2.0] AndroidManifest.xml:17:5-43
MERGED from [com.google.android.gms:play-services-appinvite:10.2.0] AndroidManifest.xml:17:5-43
MERGED from [com.google.android.gms:play-services-auth:10.2.0] AndroidManifest.xml:17:5-43
MERGED from [com.google.android.gms:play-services-auth-base:10.2.0] AndroidManifest.xml:4:5-43
MERGED from [com.google.android.gms:play-services-cast-framework:10.2.0] AndroidManifest.xml:3:5-43
MERGED from [com.google.android.gms:play-services-cast:10.2.0] AndroidManifest.xml:17:5-43
MERGED from [com.android.support:mediarouter-v7:24.0.0] AndroidManifest.xml:20:5-43
MERGED from [com.android.support:palette-v7:24.0.0] AndroidManifest.xml:20:5-43
MERGED from [com.google.android.gms:play-services-clearcut:10.2.0] AndroidManifest.xml:17:5-43
MERGED from [com.google.firebase:firebase-config:10.2.0] AndroidManifest.xml:17:5-43
MERGED from [com.google.android.gms:play-services-awareness:10.2.0] AndroidManifest.xml:17:5-43
MERGED from [com.google.firebase:firebase-crash:10.2.0] AndroidManifest.xml:20:5-43
MERGED from [com.google.firebase:firebase-auth:10.2.0] AndroidManifest.xml:17:5-43
MERGED from [com.google.firebase:firebase-database:10.2.0] AndroidManifest.xml:3:5-43
MERGED from [com.google.firebase:firebase-database-connection:10.2.0] AndroidManifest.xml:3:5-43
MERGED from [com.google.firebase:firebase-messaging:10.2.0] AndroidManifest.xml:17:5-43
MERGED from [com.google.firebase:firebase-storage:10.2.0] AndroidManifest.xml:3:5-43
MERGED from [com.google.firebase:firebase-storage-common:10.2.0] AndroidManifest.xml:3:5-43
MERGED from [com.google.android.gms:play-services-fitness:10.2.0] AndroidManifest.xml:17:5-43
MERGED from [com.google.android.gms:play-services-games:10.2.0] AndroidManifest.xml:17:5-43
MERGED from [com.google.android.gms:play-services-drive:10.2.0] AndroidManifest.xml:17:5-43
MERGED from [com.google.android.gms:play-services-gass:10.2.0] AndroidManifest.xml:3:5-43
MERGED from [com.google.android.gms:play-services-gcm:10.2.0] AndroidManifest.xml:17:5-43
MERGED from [com.google.firebase:firebase-appindexing:10.2.0] AndroidManifest.xml:17:5-43
MERGED from [com.google.android.gms:play-services-iid:10.2.0] AndroidManifest.xml:17:5-43
MERGED from [com.google.android.gms:play-services-instantapps:10.2.0] AndroidManifest.xml:3:5-43
MERGED from [com.google.android.gms:play-services-location:10.2.0] AndroidManifest.xml:3:5-43
MERGED from [com.google.android.gms:play-services-nearby:10.2.0] AndroidManifest.xml:3:5-43
MERGED from [com.google.android.gms:play-services-panorama:10.2.0] AndroidManifest.xml:17:5-43
MERGED from [com.google.android.gms:play-services-places:10.2.0] AndroidManifest.xml:17:5-43
MERGED from [com.google.android.gms:play-services-plus:10.2.0] AndroidManifest.xml:17:5-43
MERGED from [com.google.android.gms:play-services-safetynet:10.2.0] AndroidManifest.xml:17:5-43
MERGED from [com.google.android.gms:play-services-tagmanager:10.2.0] AndroidManifest.xml:17:5-43
MERGED from [com.google.android.gms:play-services-tagmanager-api:10.2.0] AndroidManifest.xml:17:5-43
MERGED from [com.google.firebase:firebase-analytics:10.2.0] AndroidManifest.xml:17:5-43
MERGED from [com.google.firebase:firebase-analytics-impl:10.2.0] AndroidManifest.xml:17:5-43
MERGED from [com.google.firebase:firebase-iid:10.2.0] AndroidManifest.xml:17:5-43
MERGED from [com.google.firebase:firebase-common:10.2.0] AndroidManifest.xml:3:5-43
MERGED from [com.google.android.gms:play-services-tagmanager-v4-impl:10.2.0] AndroidManifest.xml:17:5-43
MERGED from [com.google.android.gms:play-services-analytics-impl:10.2.0] AndroidManifest.xml:17:5-43
MERGED from [com.google.android.gms:play-services-vision:10.2.0] AndroidManifest.xml:3:5-43
MERGED from [com.google.android.gms:play-services-wallet:10.2.0] AndroidManifest.xml:18:5-43
MERGED from [com.google.android.gms:play-services-identity:10.2.0] AndroidManifest.xml:17:5-43
MERGED from [com.google.android.gms:play-services-maps:10.2.0] AndroidManifest.xml:23:5-43
MERGED from [com.google.android.gms:play-services-wearable:10.2.0] AndroidManifest.xml:17:5-43
MERGED from [com.google.android.gms:play-services-base:10.2.0] AndroidManifest.xml:17:5-43
MERGED from [com.google.android.gms:play-services-tasks:10.2.0] AndroidManifest.xml:3:5-43
MERGED from [com.google.android.gms:play-services-basement:10.2.0] AndroidManifest.xml:17:5-43
MERGED from [com.jjoe64:graphview:4.2.1] AndroidManifest.xml:7:5-9:41
MERGED from [com.android.support:design:25.2.0] AndroidManifest.xml:21:5-23:62
MERGED from [com.android.support:recyclerview-v7:25.2.0] AndroidManifest.xml:20:5-43
MERGED from [com.android.support:transition:25.2.0] AndroidManifest.xml:20:5-44
MERGED from [com.android.support.constraint:constraint-layout:1.0.2] AndroidManifest.xml:5:5-7:41
MERGED from [me.dm7.barcodescanner:zxing:1.8.4] AndroidManifest.xml:7:5-9:41
MERGED from [me.dm7.barcodescanner:core:1.8.4] AndroidManifest.xml:7:5-9:41
MERGED from [com.crystal:crystalrangeseekbar:1.0.0] AndroidManifest.xml:7:5-9:41
MERGED from [com.android.support:appcompat-v7:25.2.0] AndroidManifest.xml:21:5-23:78
MERGED from [com.android.support:animated-vector-drawable:25.2.0] AndroidManifest.xml:20:5-44
MERGED from [com.android.support:support-vector-drawable:25.2.0] AndroidManifest.xml:21:5-43
MERGED from [com.github.jjobes:SlideDateTimePicker:v1.0.4] AndroidManifest.xml:5:5-7:41
MERGED from [com.android.support:support-v4:25.2.0] AndroidManifest.xml:21:5-23:54
MERGED from [com.android.support:support-fragment:25.2.0] AndroidManifest.xml:21:5-23:60
MERGED from [com.android.support:support-media-compat:25.2.0] AndroidManifest.xml:21:5-23:63
MERGED from [com.android.support:support-core-ui:25.2.0] AndroidManifest.xml:21:5-23:58
MERGED from [com.android.support:support-core-utils:25.2.0] AndroidManifest.xml:21:5-23:61
MERGED from [com.android.support:support-compat:25.2.0] AndroidManifest.xml:21:5-23:58
	tools:overrideLibrary
		ADDED from [com.android.support:design:25.2.0] AndroidManifest.xml:23:9-59
	android:targetSdkVersion
		INJECTED from src\main\AndroidManifest.xml
		INJECTED from src\main\AndroidManifest.xml
	android:minSdkVersion
		INJECTED from src\main\AndroidManifest.xml
		INJECTED from src\main\AndroidManifest.xml
uses-permission#android.permission.ACCESS_NETWORK_STATE
ADDED from [com.google.android.gms:play-services-ads-lite:10.2.0] AndroidManifest.xml:20:5-78
MERGED from [com.google.android.gms:play-services-analytics:10.2.0] AndroidManifest.xml:21:5-78
MERGED from [com.google.android.gms:play-services-nearby:10.2.0] AndroidManifest.xml:4:5-78
MERGED from [com.google.android.gms:play-services-tagmanager-api:10.2.0] AndroidManifest.xml:21:5-78
MERGED from [com.google.firebase:firebase-analytics:10.2.0] AndroidManifest.xml:21:5-78
MERGED from [com.google.firebase:firebase-analytics-impl:10.2.0] AndroidManifest.xml:21:5-78
MERGED from [com.google.firebase:firebase-iid:10.2.0] AndroidManifest.xml:19:5-78
MERGED from [com.google.android.gms:play-services-analytics-impl:10.2.0] AndroidManifest.xml:21:5-78
MERGED from [com.google.android.gms:play-services-maps:10.2.0] AndroidManifest.xml:19:5-78
	android:name
		ADDED from [com.google.android.gms:play-services-ads-lite:10.2.0] AndroidManifest.xml:20:22-76
activity#com.google.android.gms.ads.AdActivity
ADDED from [com.google.android.gms:play-services-ads-lite:10.2.0] AndroidManifest.xml:25:9-232
	android:configChanges
		ADDED from [com.google.android.gms:play-services-ads-lite:10.2.0] AndroidManifest.xml:25:72-181
	android:theme
		ADDED from [com.google.android.gms:play-services-ads-lite:10.2.0] AndroidManifest.xml:25:182-230
	android:name
		ADDED from [com.google.android.gms:play-services-ads-lite:10.2.0] AndroidManifest.xml:25:19-71
activity#com.google.android.gms.ads.purchase.InAppPurchaseActivity
ADDED from [com.google.android.gms:play-services-ads-lite:10.2.0] AndroidManifest.xml:26:9-131
	android:theme
		ADDED from [com.google.android.gms:play-services-ads-lite:10.2.0] AndroidManifest.xml:26:92-129
	android:name
		ADDED from [com.google.android.gms:play-services-ads-lite:10.2.0] AndroidManifest.xml:26:19-91
uses-permission#android.permission.WAKE_LOCK
ADDED from [com.google.android.gms:play-services-analytics:10.2.0] AndroidManifest.xml:24:5-67
MERGED from [com.google.firebase:firebase-analytics:10.2.0] AndroidManifest.xml:22:5-67
MERGED from [com.google.firebase:firebase-analytics-impl:10.2.0] AndroidManifest.xml:22:5-67
MERGED from [com.google.firebase:firebase-iid:10.2.0] AndroidManifest.xml:21:5-67
MERGED from [com.google.android.gms:play-services-analytics-impl:10.2.0] AndroidManifest.xml:24:5-67
	android:name
		ADDED from [com.google.android.gms:play-services-analytics:10.2.0] AndroidManifest.xml:24:22-65
activity#com.google.android.gms.appinvite.PreviewActivity
ADDED from [com.google.android.gms:play-services-appinvite:10.2.0] AndroidManifest.xml:20:9-25:20
	android:exported
		ADDED from [com.google.android.gms:play-services-appinvite:10.2.0] AndroidManifest.xml:20:51-74
	android:theme
		ADDED from [com.google.android.gms:play-services-appinvite:10.2.0] AndroidManifest.xml:20:75-121
	android:name
		ADDED from [com.google.android.gms:play-services-appinvite:10.2.0] AndroidManifest.xml:20:19-50
intent-filter#android.intent.category.DEFAULT+com.google.android.gms.appinvite.ACTION_PREVIEW
ADDED from [com.google.android.gms:play-services-appinvite:10.2.0] AndroidManifest.xml:21:13-24:29
action#com.google.android.gms.appinvite.ACTION_PREVIEW
ADDED from [com.google.android.gms:play-services-appinvite:10.2.0] AndroidManifest.xml:22:17-89
	android:name
		ADDED from [com.google.android.gms:play-services-appinvite:10.2.0] AndroidManifest.xml:22:25-87
category#android.intent.category.DEFAULT
ADDED from [com.google.android.gms:play-services-appinvite:10.2.0] AndroidManifest.xml:23:17-75
	android:name
		ADDED from [com.google.android.gms:play-services-appinvite:10.2.0] AndroidManifest.xml:23:27-73
activity#com.google.android.gms.auth.api.signin.internal.SignInHubActivity
ADDED from [com.google.android.gms:play-services-auth:10.2.0] AndroidManifest.xml:20:9-189
	android:excludeFromRecents
		ADDED from [com.google.android.gms:play-services-auth:10.2.0] AndroidManifest.xml:20:129-162
	android:exported
		ADDED from [com.google.android.gms:play-services-auth:10.2.0] AndroidManifest.xml:20:163-187
	android:theme
		ADDED from [com.google.android.gms:play-services-auth:10.2.0] AndroidManifest.xml:20:69-128
	android:name
		ADDED from [com.google.android.gms:play-services-auth:10.2.0] AndroidManifest.xml:20:19-68
service#com.google.android.gms.auth.api.signin.RevocationBoundService
ADDED from [com.google.android.gms:play-services-auth:10.2.0] AndroidManifest.xml:24:9-184
	android:exported
		ADDED from [com.google.android.gms:play-services-auth:10.2.0] AndroidManifest.xml:24:64-87
	android:permission
		ADDED from [com.google.android.gms:play-services-auth:10.2.0] AndroidManifest.xml:24:88-182
	android:name
		ADDED from [com.google.android.gms:play-services-auth:10.2.0] AndroidManifest.xml:24:18-63
receiver#com.google.android.gms.cast.framework.media.MediaIntentReceiver
ADDED from [com.google.android.gms:play-services-cast-framework:10.2.0] AndroidManifest.xml:5:9-99
	android:name
		ADDED from [com.google.android.gms:play-services-cast-framework:10.2.0] AndroidManifest.xml:5:19-97
service#com.google.android.gms.cast.framework.media.MediaNotificationService
ADDED from [com.google.android.gms:play-services-cast-framework:10.2.0] AndroidManifest.xml:6:9-103
	android:name
		ADDED from [com.google.android.gms:play-services-cast-framework:10.2.0] AndroidManifest.xml:6:18-101
service#com.google.android.gms.cast.framework.ReconnectionService
ADDED from [com.google.android.gms:play-services-cast-framework:10.2.0] AndroidManifest.xml:7:9-92
	android:name
		ADDED from [com.google.android.gms:play-services-cast-framework:10.2.0] AndroidManifest.xml:7:18-90
service#com.google.firebase.messaging.FirebaseMessagingService
ADDED from [com.google.firebase:firebase-messaging:10.2.0] AndroidManifest.xml:23:9-27:19
	android:exported
		ADDED from [com.google.firebase:firebase-messaging:10.2.0] AndroidManifest.xml:23:88-111
	android:name
		ADDED from [com.google.firebase:firebase-messaging:10.2.0] AndroidManifest.xml:23:18-87
intent-filter#com.google.firebase.MESSAGING_EVENT
ADDED from [com.google.firebase:firebase-messaging:10.2.0] AndroidManifest.xml:24:13-26:29
	android:priority
		ADDED from [com.google.firebase:firebase-messaging:10.2.0] AndroidManifest.xml:24:28-51
action#com.google.firebase.MESSAGING_EVENT
ADDED from [com.google.firebase:firebase-messaging:10.2.0] AndroidManifest.xml:25:17-77
	android:name
		ADDED from [com.google.firebase:firebase-messaging:10.2.0] AndroidManifest.xml:25:25-75
uses-permission#com.google.android.c2dm.permission.RECEIVE
ADDED from [com.google.android.gms:play-services-gcm:10.2.0] AndroidManifest.xml:20:5-81
MERGED from [com.google.android.gms:play-services-iid:10.2.0] AndroidManifest.xml:20:5-81
MERGED from [com.google.firebase:firebase-iid:10.2.0] AndroidManifest.xml:22:5-81
	android:name
		ADDED from [com.google.android.gms:play-services-gcm:10.2.0] AndroidManifest.xml:20:22-79
service#com.google.android.gms.tagmanager.TagManagerService
ADDED from [com.google.android.gms:play-services-tagmanager-api:10.2.0] AndroidManifest.xml:24:9-134
	android:enabled
		ADDED from [com.google.android.gms:play-services-tagmanager-api:10.2.0] AndroidManifest.xml:24:110-132
	android:exported
		ADDED from [com.google.android.gms:play-services-tagmanager-api:10.2.0] AndroidManifest.xml:24:85-109
	android:name
		ADDED from [com.google.android.gms:play-services-tagmanager-api:10.2.0] AndroidManifest.xml:24:18-84
activity#com.google.android.gms.tagmanager.TagManagerPreviewActivity
ADDED from [com.google.android.gms:play-services-tagmanager-api:10.2.0] AndroidManifest.xml:25:9-32:20
	android:noHistory
		ADDED from [com.google.android.gms:play-services-tagmanager-api:10.2.0] AndroidManifest.xml:25:94-118
	android:name
		ADDED from [com.google.android.gms:play-services-tagmanager-api:10.2.0] AndroidManifest.xml:25:19-93
intent-filter#android.intent.action.VIEW+android.intent.category.BROWSABLE+android.intent.category.DEFAULT
ADDED from [com.google.android.gms:play-services-tagmanager-api:10.2.0] AndroidManifest.xml:26:13-31:29
data
ADDED from [com.google.android.gms:play-services-tagmanager-api:10.2.0] AndroidManifest.xml:27:17-71
	android:scheme
		ADDED from [com.google.android.gms:play-services-tagmanager-api:10.2.0] AndroidManifest.xml:27:23-69
action#android.intent.action.VIEW
ADDED from [com.google.android.gms:play-services-tagmanager-api:10.2.0] AndroidManifest.xml:28:17-68
	android:name
		ADDED from [com.google.android.gms:play-services-tagmanager-api:10.2.0] AndroidManifest.xml:28:25-66
category#android.intent.category.BROWSABLE
ADDED from [com.google.android.gms:play-services-tagmanager-api:10.2.0] AndroidManifest.xml:30:17-77
	android:name
		ADDED from [com.google.android.gms:play-services-tagmanager-api:10.2.0] AndroidManifest.xml:30:27-75
receiver#com.google.android.gms.measurement.AppMeasurementReceiver
ADDED from [com.google.firebase:firebase-analytics:10.2.0] AndroidManifest.xml:25:7-26:18
MERGED from [com.google.firebase:firebase-analytics-impl:10.2.0] AndroidManifest.xml:25:7-26:18
	android:enabled
		ADDED from [com.google.firebase:firebase-analytics:10.2.0] AndroidManifest.xml:25:90-112
	android:exported
		ADDED from [com.google.firebase:firebase-analytics:10.2.0] AndroidManifest.xml:25:113-137
	android:name
		ADDED from [com.google.firebase:firebase-analytics:10.2.0] AndroidManifest.xml:25:17-89
receiver#com.google.android.gms.measurement.AppMeasurementInstallReferrerReceiver
ADDED from [com.google.firebase:firebase-analytics:10.2.0] AndroidManifest.xml:27:7-31:18
	android:enabled
		ADDED from [com.google.firebase:firebase-analytics:10.2.0] AndroidManifest.xml:27:162-184
	android:permission
		ADDED from [com.google.firebase:firebase-analytics:10.2.0] AndroidManifest.xml:27:105-161
	android:name
		ADDED from [com.google.firebase:firebase-analytics:10.2.0] AndroidManifest.xml:27:17-104
intent-filter#com.android.vending.INSTALL_REFERRER
ADDED from [com.google.firebase:firebase-analytics:10.2.0] AndroidManifest.xml:28:11-30:27
action#com.android.vending.INSTALL_REFERRER
ADDED from [com.google.firebase:firebase-analytics:10.2.0] AndroidManifest.xml:29:15-76
	android:name
		ADDED from [com.google.firebase:firebase-analytics:10.2.0] AndroidManifest.xml:29:23-74
service#com.google.android.gms.measurement.AppMeasurementService
ADDED from [com.google.firebase:firebase-analytics:10.2.0] AndroidManifest.xml:32:7-137
MERGED from [com.google.firebase:firebase-analytics-impl:10.2.0] AndroidManifest.xml:27:7-137
	android:enabled
		ADDED from [com.google.firebase:firebase-analytics:10.2.0] AndroidManifest.xml:32:88-110
	android:exported
		ADDED from [com.google.firebase:firebase-analytics:10.2.0] AndroidManifest.xml:32:111-135
	android:name
		ADDED from [com.google.firebase:firebase-analytics:10.2.0] AndroidManifest.xml:32:16-87
permission#${applicationId}.permission.C2D_MESSAGE
ADDED from [com.google.firebase:firebase-iid:10.2.0] AndroidManifest.xml:24:5-109
	android:protectionLevel